-------------------------------------------------------------------------------
Test set: TestSuite
-------------------------------------------------------------------------------
Tests run: 10, Failures: 5, Errors: 0, Skipped: 5, Time elapsed: 4.674 sec <<< FAILURE! - in TestSuite
setUp(com.saurav.scraper.ElPaisTest)  Time elapsed: 3.985 sec  <<< FAILURE!
org.openqa.selenium.SessionNotCreatedException: 
Could not start a new session. Possible causes are invalid address of the remote server or browser start-up failure. 
Host info: host: 'LAPTOP-ABV5QQU5', ip: '192.168.29.209'
Caused by: org.openqa.selenium.WebDriverException: 
The property '#/firstMatch/0/bstack:options' contains additional properties ["run_settings"] outside of the schema when none are allowed in the payload.
Build info: version: '4.20.0', revision: '866c76ca80'
System info: os.name: 'Windows 11', os.arch: 'amd64', os.version: '10.0', java.version: '23.0.1'
Driver info: driver.version: RemoteWebDriver
remote stacktrace: 

setUp(com.saurav.scraper.ElPaisTest)  Time elapsed: 3.987 sec  <<< FAILURE!
org.openqa.selenium.SessionNotCreatedException: 
Could not start a new session. Possible causes are invalid address of the remote server or browser start-up failure. 
Host info: host: 'LAPTOP-ABV5QQU5', ip: '192.168.29.209'
Caused by: org.openqa.selenium.WebDriverException: 
The property '#/firstMatch/0/bstack:options' contains additional properties ["run_settings"] outside of the schema when none are allowed in the payload.
Build info: version: '4.20.0', revision: '866c76ca80'
System info: os.name: 'Windows 11', os.arch: 'amd64', os.version: '10.0', java.version: '23.0.1'
Driver info: driver.version: RemoteWebDriver
remote stacktrace: 

setUp(com.saurav.scraper.ElPaisTest)  Time elapsed: 3.987 sec  <<< FAILURE!
org.openqa.selenium.SessionNotCreatedException: 
Could not start a new session. Possible causes are invalid address of the remote server or browser start-up failure. 
Host info: host: 'LAPTOP-ABV5QQU5', ip: '192.168.29.209'
Caused by: org.openqa.selenium.WebDriverException: 
The property '#/firstMatch/0/bstack:options' contains additional properties ["run_settings"] outside of the schema when none are allowed in the payload.
Build info: version: '4.20.0', revision: '866c76ca80'
System info: os.name: 'Windows 11', os.arch: 'amd64', os.version: '10.0', java.version: '23.0.1'
Driver info: driver.version: RemoteWebDriver
remote stacktrace: 

setUp(com.saurav.scraper.ElPaisTest)  Time elapsed: 0.125 sec  <<< FAILURE!
org.openqa.selenium.SessionNotCreatedException: 
Could not start a new session. Possible causes are invalid address of the remote server or browser start-up failure. 
Host info: host: 'LAPTOP-ABV5QQU5', ip: '192.168.29.209'
Caused by: org.openqa.selenium.WebDriverException: 
The property '#/firstMatch/0/bstack:options' contains additional properties ["run_settings"] outside of the schema when none are allowed in the payload.
Build info: version: '4.20.0', revision: '866c76ca80'
System info: os.name: 'Windows 11', os.arch: 'amd64', os.version: '10.0', java.version: '23.0.1'
Driver info: driver.version: RemoteWebDriver
remote stacktrace: 

setUp(com.saurav.scraper.ElPaisTest)  Time elapsed: 0.004 sec  <<< FAILURE!
org.openqa.selenium.SessionNotCreatedException: 
Could not start a new session. Possible causes are invalid address of the remote server or browser start-up failure. 
Host info: host: 'LAPTOP-ABV5QQU5', ip: '192.168.29.209'
Caused by: org.openqa.selenium.WebDriverException: 
The property '#/firstMatch/0/bstack:options' contains additional properties ["run_settings"] outside of the schema when none are allowed in the payload.
Build info: version: '4.20.0', revision: '866c76ca80'
System info: os.name: 'Windows 11', os.arch: 'amd64', os.version: '10.0', java.version: '23.0.1'
Driver info: driver.version: RemoteWebDriver
remote stacktrace: 

