<?xml version="1.0" encoding="UTF-8"?>
<testsuite xmlns:xsi="http://www.w3.org/2001/XMLSchema-instance" xsi:schemaLocation="https://maven.apache.org/surefire/maven-surefire-plugin/xsd/surefire-test-report.xsd" name="TestSuite" time="4.674" tests="10" errors="0" skipped="5" failures="5">
  <properties>
    <property name="java.runtime.name" value="Java(TM) SE Runtime Environment"/>
    <property name="java.vm.version" value="23.0.1+11-39"/>
    <property name="sun.boot.library.path" value="C:\Program Files\Java\jdk-23\bin"/>
    <property name="maven.multiModuleProjectDirectory" value="C:/Users/Saurav/OneDrive/Desktop/BrowserStack-Assignment/browserstack-assignment"/>
    <property name="java.vm.vendor" value="Oracle Corporation"/>
    <property name="java.vendor.url" value="https://java.oracle.com/"/>
    <property name="guice.disable.misplaced.annotation.check" value="true"/>
    <property name="path.separator" value=";"/>
    <property name="java.vm.name" value="Java HotSpot(TM) 64-Bit Server VM"/>
    <property name="sun.os.patch.level" value=""/>
    <property name="user.script" value=""/>
    <property name="user.country" value="IN"/>
    <property name="sun.java.launcher" value="SUN_STANDARD"/>
    <property name="java.vm.specification.name" value="Java Virtual Machine Specification"/>
    <property name="user.dir" value="C:\Users\Saurav\OneDrive\Desktop\BrowserStack-Assignment\browserstack-assignment"/>
    <property name="java.vm.compressedOopsMode" value="32-bit"/>
    <property name="java.runtime.version" value="23.0.1+11-39"/>
    <property name="os.arch" value="amd64"/>
    <property name="java.io.tmpdir" value="C:\Users\Saurav\AppData\Local\Temp\"/>
    <property name="line.separator" value="&#10;"/>
    <property name="java.vm.specification.vendor" value="Oracle Corporation"/>
    <property name="user.variant" value=""/>
    <property name="stderr.encoding" value="cp437"/>
    <property name="os.name" value="Windows 11"/>
    <property name="classworlds.conf" value="C:/Users/Saurav/Downloads/apache-maven-3.9.9-bin/apache-maven-3.9.9/bin/m2.conf"/>
    <property name="sun.jnu.encoding" value="Cp1252"/>
    <property name="stdout.encoding" value="cp437"/>
    <property name="java.library.path" value="C:\Program Files\Java\jdk-23\bin;C:\WINDOWS\Sun\Java\bin;C:\WINDOWS\system32;C:\WINDOWS;C:\Users\Saurav\bin;C:\Program Files\Git\mingw64\bin;C:\Program Files\Git\usr\local\bin;C:\Program Files\Git\usr\bin;C:\Program Files\Git\usr\bin;C:\Program Files\Git\mingw64\bin;C:\Program Files\Git\usr\bin;C:\Users\Saurav\bin;C:\Python313\Scripts;C:\Python313;C:\Program Files\Common Files\Oracle\Java\javapath;C:\WINDOWS\system32;C:\WINDOWS;C:\WINDOWS\System32\Wbem;C:\WINDOWS\System32\WindowsPowerShell\v1.0;C:\WINDOWS\System32\OpenSSH;C:\Program Files\Git\cmd;C:\Program Files (x86)\Microsoft SQL Server\160\Tools\Binn;C:\Program Files\Microsoft SQL Server\160\Tools\Binn;C:\Program Files\Microsoft SQL Server\Client SDK\ODBC\170\Tools\Binn;C:\Program Files\Microsoft SQL Server\160\DTS\Binn;C:\Program Files (x86)\Microsoft SQL Server\160\DTS\Binn;C:\Program Files\Java\jdk-23\bin;C:\Users\Saurav\Downloads\apache-maven-3.9.9-bin\apache-maven-3.9.9\bin;C:\Program Files\nodejs;C:\ProgramData\chocolatey\bin;C:\Users\Saurav\anaconda3;C:\Users\Saurav\anaconda3\Library\mingw-w64\bin;C:\Users\Saurav\anaconda3\Library\usr\bin;C:\Users\Saurav\anaconda3\Library\bin;C:\Users\Saurav\anaconda3\Scripts;C:\Users\Saurav\AppData\Local\Microsoft\WindowsApps;C:\Users\Saurav\AppData\Local\Programs\Microsoft VS Code\bin;C:\Users\Saurav\AppData\Roaming\npm;C:\Program Files\Git\usr\bin\vendor_perl;C:\Program Files\Git\usr\bin\core_perl;."/>
    <property name="maven.conf" value="C:/Users/Saurav/Downloads/apache-maven-3.9.9-bin/apache-maven-3.9.9/conf"/>
    <property name="jdk.debug" value="release"/>
    <property name="java.class.version" value="67.0"/>
    <property name="java.specification.name" value="Java Platform API Specification"/>
    <property name="sun.management.compiler" value="HotSpot 64-Bit Tiered Compilers"/>
    <property name="os.version" value="10.0"/>
    <property name="library.jansi.path" value="C:/Users/Saurav/Downloads/apache-maven-3.9.9-bin/apache-maven-3.9.9/lib/jansi-native"/>
    <property name="user.home" value="C:\Users\Saurav"/>
    <property name="user.timezone" value="Asia/Calcutta"/>
    <property name="file.encoding" value="UTF-8"/>
    <property name="java.specification.version" value="23"/>
    <property name="user.name" value="Saurav"/>
    <property name="java.class.path" value="C:/Users/Saurav/Downloads/apache-maven-3.9.9-bin/apache-maven-3.9.9/boot/plexus-classworlds-2.8.0.jar"/>
    <property name="java.vm.specification.version" value="23"/>
    <property name="sun.arch.data.model" value="64"/>
    <property name="sun.java.command" value="org.codehaus.plexus.classworlds.launcher.Launcher clean test"/>
    <property name="java.home" value="C:\Program Files\Java\jdk-23"/>
    <property name="user.language" value="en"/>
    <property name="java.specification.vendor" value="Oracle Corporation"/>
    <property name="java.vm.info" value="mixed mode, sharing"/>
    <property name="java.version" value="23.0.1"/>
    <property name="native.encoding" value="Cp1252"/>
    <property name="java.vendor" value="Oracle Corporation"/>
    <property name="maven.home" value="C:\Users\Saurav\Downloads\apache-maven-3.9.9-bin\apache-maven-3.9.9"/>
    <property name="file.separator" value="\"/>
    <property name="java.version.date" value="2024-10-15"/>
    <property name="java.vendor.url.bug" value="https://bugreport.java.com/bugreport/"/>
    <property name="sun.io.unicode.encoding" value="UnicodeLittle"/>
    <property name="sun.cpu.endian" value="little"/>
    <property name="sun.cpu.isalist" value="amd64"/>
  </properties>
  <testcase name="setUp" classname="com.saurav.scraper.ElPaisTest" time="3.985">
    <failure message="Could not start a new session. Possible causes are invalid address of the remote server or browser start-up failure. &#10;Host info: host: &apos;LAPTOP-ABV5QQU5&apos;, ip: &apos;192.168.29.209&apos;" type="org.openqa.selenium.SessionNotCreatedException">org.openqa.selenium.SessionNotCreatedException: 
Could not start a new session. Possible causes are invalid address of the remote server or browser start-up failure. 
Host info: host: 'LAPTOP-ABV5QQU5', ip: '192.168.29.209'
Caused by: org.openqa.selenium.WebDriverException: 
The property '#/firstMatch/0/bstack:options' contains additional properties ["run_settings"] outside of the schema when none are allowed in the payload.
Build info: version: '4.20.0', revision: '866c76ca80'
System info: os.name: 'Windows 11', os.arch: 'amd64', os.version: '10.0', java.version: '23.0.1'
Driver info: driver.version: RemoteWebDriver
remote stacktrace: 
</failure>
    <system-err><![CDATA[Jul 07, 2025 1:08:57 AM org.openqa.selenium.remote.tracing.opentelemetry.OpenTelemetryTracer createTracer
INFO: Using OpenTelemetry for tracing
]]></system-err>
  </testcase>
  <testcase name="setUp" classname="com.saurav.scraper.ElPaisTest" time="3.987">
    <failure message="Could not start a new session. Possible causes are invalid address of the remote server or browser start-up failure. &#10;Host info: host: &apos;LAPTOP-ABV5QQU5&apos;, ip: &apos;192.168.29.209&apos;" type="org.openqa.selenium.SessionNotCreatedException">org.openqa.selenium.SessionNotCreatedException: 
Could not start a new session. Possible causes are invalid address of the remote server or browser start-up failure. 
Host info: host: 'LAPTOP-ABV5QQU5', ip: '192.168.29.209'
Caused by: org.openqa.selenium.WebDriverException: 
The property '#/firstMatch/0/bstack:options' contains additional properties ["run_settings"] outside of the schema when none are allowed in the payload.
Build info: version: '4.20.0', revision: '866c76ca80'
System info: os.name: 'Windows 11', os.arch: 'amd64', os.version: '10.0', java.version: '23.0.1'
Driver info: driver.version: RemoteWebDriver
remote stacktrace: 
</failure>
  </testcase>
  <testcase name="setUp" classname="com.saurav.scraper.ElPaisTest" time="3.987">
    <failure message="Could not start a new session. Possible causes are invalid address of the remote server or browser start-up failure. &#10;Host info: host: &apos;LAPTOP-ABV5QQU5&apos;, ip: &apos;192.168.29.209&apos;" type="org.openqa.selenium.SessionNotCreatedException">org.openqa.selenium.SessionNotCreatedException: 
Could not start a new session. Possible causes are invalid address of the remote server or browser start-up failure. 
Host info: host: 'LAPTOP-ABV5QQU5', ip: '192.168.29.209'
Caused by: org.openqa.selenium.WebDriverException: 
The property '#/firstMatch/0/bstack:options' contains additional properties ["run_settings"] outside of the schema when none are allowed in the payload.
Build info: version: '4.20.0', revision: '866c76ca80'
System info: os.name: 'Windows 11', os.arch: 'amd64', os.version: '10.0', java.version: '23.0.1'
Driver info: driver.version: RemoteWebDriver
remote stacktrace: 
</failure>
  </testcase>
  <testcase name="setUp" classname="com.saurav.scraper.ElPaisTest" time="0.125">
    <failure message="Could not start a new session. Possible causes are invalid address of the remote server or browser start-up failure. &#10;Host info: host: &apos;LAPTOP-ABV5QQU5&apos;, ip: &apos;192.168.29.209&apos;" type="org.openqa.selenium.SessionNotCreatedException">org.openqa.selenium.SessionNotCreatedException: 
Could not start a new session. Possible causes are invalid address of the remote server or browser start-up failure. 
Host info: host: 'LAPTOP-ABV5QQU5', ip: '192.168.29.209'
Caused by: org.openqa.selenium.WebDriverException: 
The property '#/firstMatch/0/bstack:options' contains additional properties ["run_settings"] outside of the schema when none are allowed in the payload.
Build info: version: '4.20.0', revision: '866c76ca80'
System info: os.name: 'Windows 11', os.arch: 'amd64', os.version: '10.0', java.version: '23.0.1'
Driver info: driver.version: RemoteWebDriver
remote stacktrace: 
</failure>
  </testcase>
  <testcase name="setUp" classname="com.saurav.scraper.ElPaisTest" time="0.004">
    <failure message="Could not start a new session. Possible causes are invalid address of the remote server or browser start-up failure. &#10;Host info: host: &apos;LAPTOP-ABV5QQU5&apos;, ip: &apos;192.168.29.209&apos;" type="org.openqa.selenium.SessionNotCreatedException">org.openqa.selenium.SessionNotCreatedException: 
Could not start a new session. Possible causes are invalid address of the remote server or browser start-up failure. 
Host info: host: 'LAPTOP-ABV5QQU5', ip: '192.168.29.209'
Caused by: org.openqa.selenium.WebDriverException: 
The property '#/firstMatch/0/bstack:options' contains additional properties ["run_settings"] outside of the schema when none are allowed in the payload.
Build info: version: '4.20.0', revision: '866c76ca80'
System info: os.name: 'Windows 11', os.arch: 'amd64', os.version: '10.0', java.version: '23.0.1'
Driver info: driver.version: RemoteWebDriver
remote stacktrace: 
</failure>
  </testcase>
  <testcase name="runScraperOnBrowserStack" classname="com.saurav.scraper.ElPaisTest" time="0">
    <skipped message="Could not start a new session. Possible causes are invalid address of the remote server or browser start-up failure. &#10;Host info: host: &apos;LAPTOP-ABV5QQU5&apos;, ip: &apos;192.168.29.209&apos;"/>
  </testcase>
  <testcase name="runScraperOnBrowserStack" classname="com.saurav.scraper.ElPaisTest" time="0">
    <skipped message="Could not start a new session. Possible causes are invalid address of the remote server or browser start-up failure. &#10;Host info: host: &apos;LAPTOP-ABV5QQU5&apos;, ip: &apos;192.168.29.209&apos;"/>
  </testcase>
  <testcase name="runScraperOnBrowserStack" classname="com.saurav.scraper.ElPaisTest" time="0">
    <skipped message="Could not start a new session. Possible causes are invalid address of the remote server or browser start-up failure. &#10;Host info: host: &apos;LAPTOP-ABV5QQU5&apos;, ip: &apos;192.168.29.209&apos;"/>
  </testcase>
  <testcase name="runScraperOnBrowserStack" classname="com.saurav.scraper.ElPaisTest" time="0">
    <skipped message="Could not start a new session. Possible causes are invalid address of the remote server or browser start-up failure. &#10;Host info: host: &apos;LAPTOP-ABV5QQU5&apos;, ip: &apos;192.168.29.209&apos;"/>
  </testcase>
  <testcase name="runScraperOnBrowserStack" classname="com.saurav.scraper.ElPaisTest" time="0">
    <skipped message="Could not start a new session. Possible causes are invalid address of the remote server or browser start-up failure. &#10;Host info: host: &apos;LAPTOP-ABV5QQU5&apos;, ip: &apos;192.168.29.209&apos;"/>
  </testcase>
</testsuite>